
> senate-hearing-dashboard@0.1.0 start
> react-scripts start

(node:3662) [DEP0176] DeprecationWarning: fs.F_OK is deprecated, use fs.constants.F_OK instead
(Use `node --trace-deprecation ...` to show where the warning was created)
(node:3662) [DEP_WEBPACK_DEV_SERVER_ON_AFTER_SETUP_MIDDLEWARE] DeprecationWarning: 'onAfterSetupMiddleware' option is deprecated. Please use the 'setupMiddlewares' option.
(node:3662) [DEP_WEBPACK_DEV_SERVER_ON_BEFORE_SETUP_MIDDLEWARE] DeprecationWarning: 'onBeforeSetupMiddleware' option is deprecated. Please use the 'setupMiddlewares' option.
Starting the development server...

Compiled with warnings.

[eslint] 
src/App.js
  Line 3:111:  'AlertTriangle' is defined but never used  no-unused-vars
  Line 278:9:  Unreachable code                           no-unreachable

src/components/hearings/HearingQueue.js
  Line 4:3:   'Filter' is defined but never used                                                                                no-unused-vars
  Line 9:3:   'Users' is defined but never used                                                                                 no-unused-vars
  Line 12:3:  'ChevronDown' is defined but never used                                                                           no-unused-vars
  Line 45:6:  React Hook useEffect has a missing dependency: 'fetchHearings'. Either include it or remove the dependency array  react-hooks/exhaustive-deps

Search for the keywords to learn more about each warning.
To ignore, add // eslint-disable-next-line to the line before.

WARNING in [eslint] 
src/App.js
  Line 3:111:  'AlertTriangle' is defined but never used  no-unused-vars
  Line 278:9:  Unreachable code                           no-unreachable

src/components/hearings/HearingQueue.js
  Line 4:3:   'Filter' is defined but never used                                                                                no-unused-vars
  Line 9:3:   'Users' is defined but never used                                                                                 no-unused-vars
  Line 12:3:  'ChevronDown' is defined but never used                                                                           no-unused-vars
  Line 45:6:  React Hook useEffect has a missing dependency: 'fetchHearings'. Either include it or remove the dependency array  react-hooks/exhaustive-deps

webpack compiled with 1 warning
