
> senate-hearing-dashboard@0.1.0 start
> react-scripts start

(node:13788) [DEP0176] DeprecationWarning: fs.F_OK is deprecated, use fs.constants.F_OK instead
(Use `node --trace-deprecation ...` to show where the warning was created)
(node:13788) [DEP_WEBPACK_DEV_SERVER_ON_AFTER_SETUP_MIDDLEWARE] DeprecationWarning: 'onAfterSetupMiddleware' option is deprecated. Please use the 'setupMiddlewares' option.
(node:13788) [DEP_WEBPACK_DEV_SERVER_ON_BEFORE_SETUP_MIDDLEWARE] DeprecationWarning: 'onBeforeSetupMiddleware' option is deprecated. Please use the 'setupMiddlewares' option.
Starting the development server...

Compiled with warnings.

[eslint] 
src/pages/Dashboard.js
  Line 9:3:     'Calendar' is defined but never used                                                                                    no-unused-vars
  Line 10:3:    'Users' is defined but never used                                                                                       no-unused-vars
  Line 65:6:    React Hook useEffect has a missing dependency: 'fetchHearings'. Either include it or remove the dependency array        react-hooks/exhaustive-deps
  Line 69:6:    React Hook useEffect has a missing dependency: 'applyFiltersAndSort'. Either include it or remove the dependency array  react-hooks/exhaustive-deps
  Line 351:9:   'isCaptureable' is assigned a value but never used                                                                      no-unused-vars
  Line 424:15:  'result' is assigned a value but never used                                                                             no-unused-vars

Search for the keywords to learn more about each warning.
To ignore, add // eslint-disable-next-line to the line before.

WARNING in [eslint] 
src/pages/Dashboard.js
  Line 9:3:     'Calendar' is defined but never used                                                                                    no-unused-vars
  Line 10:3:    'Users' is defined but never used                                                                                       no-unused-vars
  Line 65:6:    React Hook useEffect has a missing dependency: 'fetchHearings'. Either include it or remove the dependency array        react-hooks/exhaustive-deps
  Line 69:6:    React Hook useEffect has a missing dependency: 'applyFiltersAndSort'. Either include it or remove the dependency array  react-hooks/exhaustive-deps
  Line 351:9:   'isCaptureable' is assigned a value but never used                                                                      no-unused-vars
  Line 424:15:  'result' is assigned a value but never used                                                                             no-unused-vars

webpack compiled with 1 warning
Compiling...
Compiled with warnings.

[eslint] 
src/pages/Dashboard.js
  Line 9:3:     'Calendar' is defined but never used                                                                                    no-unused-vars
  Line 10:3:    'Users' is defined but never used                                                                                       no-unused-vars
  Line 65:6:    React Hook useEffect has a missing dependency: 'fetchHearings'. Either include it or remove the dependency array        react-hooks/exhaustive-deps
  Line 69:6:    React Hook useEffect has a missing dependency: 'applyFiltersAndSort'. Either include it or remove the dependency array  react-hooks/exhaustive-deps
  Line 351:9:   'isCaptureable' is assigned a value but never used                                                                      no-unused-vars
  Line 424:15:  'result' is assigned a value but never used                                                                             no-unused-vars

Search for the keywords to learn more about each warning.
To ignore, add // eslint-disable-next-line to the line before.

WARNING in [eslint] 
src/pages/Dashboard.js
  Line 9:3:     'Calendar' is defined but never used                                                                                    no-unused-vars
  Line 10:3:    'Users' is defined but never used                                                                                       no-unused-vars
  Line 65:6:    React Hook useEffect has a missing dependency: 'fetchHearings'. Either include it or remove the dependency array        react-hooks/exhaustive-deps
  Line 69:6:    React Hook useEffect has a missing dependency: 'applyFiltersAndSort'. Either include it or remove the dependency array  react-hooks/exhaustive-deps
  Line 351:9:   'isCaptureable' is assigned a value but never used                                                                      no-unused-vars
  Line 424:15:  'result' is assigned a value but never used                                                                             no-unused-vars

webpack compiled with 1 warning
Compiling...
Compiled with warnings.

[eslint] 
src/pages/Dashboard.js
  Line 9:3:     'Calendar' is defined but never used                                                                                    no-unused-vars
  Line 10:3:    'Users' is defined but never used                                                                                       no-unused-vars
  Line 65:6:    React Hook useEffect has a missing dependency: 'fetchHearings'. Either include it or remove the dependency array        react-hooks/exhaustive-deps
  Line 69:6:    React Hook useEffect has a missing dependency: 'applyFiltersAndSort'. Either include it or remove the dependency array  react-hooks/exhaustive-deps
  Line 351:9:   'isCaptureable' is assigned a value but never used                                                                      no-unused-vars
  Line 425:15:  'result' is assigned a value but never used                                                                             no-unused-vars

Search for the keywords to learn more about each warning.
To ignore, add // eslint-disable-next-line to the line before.

WARNING in [eslint] 
src/pages/Dashboard.js
  Line 9:3:     'Calendar' is defined but never used                                                                                    no-unused-vars
  Line 10:3:    'Users' is defined but never used                                                                                       no-unused-vars
  Line 65:6:    React Hook useEffect has a missing dependency: 'fetchHearings'. Either include it or remove the dependency array        react-hooks/exhaustive-deps
  Line 69:6:    React Hook useEffect has a missing dependency: 'applyFiltersAndSort'. Either include it or remove the dependency array  react-hooks/exhaustive-deps
  Line 351:9:   'isCaptureable' is assigned a value but never used                                                                      no-unused-vars
  Line 425:15:  'result' is assigned a value but never used                                                                             no-unused-vars

webpack compiled with 1 warning
Compiling...
Compiled with warnings.

[eslint] 
src/pages/Dashboard.js
  Line 9:3:     'Calendar' is defined but never used                                                                                    no-unused-vars
  Line 10:3:    'Users' is defined but never used                                                                                       no-unused-vars
  Line 65:6:    React Hook useEffect has a missing dependency: 'fetchHearings'. Either include it or remove the dependency array        react-hooks/exhaustive-deps
  Line 69:6:    React Hook useEffect has a missing dependency: 'applyFiltersAndSort'. Either include it or remove the dependency array  react-hooks/exhaustive-deps
  Line 353:9:   'isCaptureable' is assigned a value but never used                                                                      no-unused-vars
  Line 427:15:  'result' is assigned a value but never used                                                                             no-unused-vars

Search for the keywords to learn more about each warning.
To ignore, add // eslint-disable-next-line to the line before.

WARNING in [eslint] 
src/pages/Dashboard.js
  Line 9:3:     'Calendar' is defined but never used                                                                                    no-unused-vars
  Line 10:3:    'Users' is defined but never used                                                                                       no-unused-vars
  Line 65:6:    React Hook useEffect has a missing dependency: 'fetchHearings'. Either include it or remove the dependency array        react-hooks/exhaustive-deps
  Line 69:6:    React Hook useEffect has a missing dependency: 'applyFiltersAndSort'. Either include it or remove the dependency array  react-hooks/exhaustive-deps
  Line 353:9:   'isCaptureable' is assigned a value but never used                                                                      no-unused-vars
  Line 427:15:  'result' is assigned a value but never used                                                                             no-unused-vars

webpack compiled with 1 warning
Compiling...
Compiled with warnings.

[eslint] 
src/pages/Dashboard.js
  Line 9:3:     'Calendar' is defined but never used                                                                                    no-unused-vars
  Line 10:3:    'Users' is defined but never used                                                                                       no-unused-vars
  Line 65:6:    React Hook useEffect has a missing dependency: 'fetchHearings'. Either include it or remove the dependency array        react-hooks/exhaustive-deps
  Line 69:6:    React Hook useEffect has a missing dependency: 'applyFiltersAndSort'. Either include it or remove the dependency array  react-hooks/exhaustive-deps
  Line 353:9:   'isCaptureable' is assigned a value but never used                                                                      no-unused-vars
  Line 427:15:  'result' is assigned a value but never used                                                                             no-unused-vars

src/pages/HearingStatus.js
  Line 1:27:   'useEffect' is defined but never used        no-unused-vars
  Line 99:15:  'result' is assigned a value but never used  no-unused-vars

Search for the keywords to learn more about each warning.
To ignore, add // eslint-disable-next-line to the line before.

WARNING in [eslint] 
src/pages/Dashboard.js
  Line 9:3:     'Calendar' is defined but never used                                                                                    no-unused-vars
  Line 10:3:    'Users' is defined but never used                                                                                       no-unused-vars
  Line 65:6:    React Hook useEffect has a missing dependency: 'fetchHearings'. Either include it or remove the dependency array        react-hooks/exhaustive-deps
  Line 69:6:    React Hook useEffect has a missing dependency: 'applyFiltersAndSort'. Either include it or remove the dependency array  react-hooks/exhaustive-deps
  Line 353:9:   'isCaptureable' is assigned a value but never used                                                                      no-unused-vars
  Line 427:15:  'result' is assigned a value but never used                                                                             no-unused-vars

src/pages/HearingStatus.js
  Line 1:27:   'useEffect' is defined but never used        no-unused-vars
  Line 99:15:  'result' is assigned a value but never used  no-unused-vars

webpack compiled with 1 warning
