
> senate-hearing-dashboard@0.1.0 start
> react-scripts start

(node:66063) [DEP0176] DeprecationWarning: fs.F_OK is deprecated, use fs.constants.F_OK instead
(Use `node --trace-deprecation ...` to show where the warning was created)
(node:66063) [DEP_WEBPACK_DEV_SERVER_ON_AFTER_SETUP_MIDDLEWARE] DeprecationWarning: 'onAfterSetupMiddleware' option is deprecated. Please use the 'setupMiddlewares' option.
(node:66063) [DEP_WEBPACK_DEV_SERVER_ON_BEFORE_SETUP_MIDDLEWARE] DeprecationWarning: 'onBeforeSetupMiddleware' option is deprecated. Please use the 'setupMiddlewares' option.
Starting the development server...

Compiled successfully!

You can now view senate-hearing-dashboard in the browser.

  Local:            http://localhost:3000
  On Your Network:  http://192.168.1.111:3000

Note that the development build is not optimized.
To create a production build, use npm run build.

webpack compiled successfully
Compiling...
Compiled with warnings.

[eslint] 
src/components/TranscriptionWarnings.js
  Line 21:6:  React Hook useEffect has a missing dependency: 'fetchAudioInfo'. Either include it or remove the dependency array  react-hooks/exhaustive-deps

Search for the keywords to learn more about each warning.
To ignore, add // eslint-disable-next-line to the line before.

WARNING in [eslint] 
src/components/TranscriptionWarnings.js
  Line 21:6:  React Hook useEffect has a missing dependency: 'fetchAudioInfo'. Either include it or remove the dependency array  react-hooks/exhaustive-deps

webpack compiled with 1 warning
Compiling...
Compiled with warnings.

[eslint] 
src/components/TranscriptionWarnings.js
  Line 21:6:  React Hook useEffect has a missing dependency: 'fetchAudioInfo'. Either include it or remove the dependency array  react-hooks/exhaustive-deps

Search for the keywords to learn more about each warning.
To ignore, add // eslint-disable-next-line to the line before.

WARNING in [eslint] 
src/components/TranscriptionWarnings.js
  Line 21:6:  React Hook useEffect has a missing dependency: 'fetchAudioInfo'. Either include it or remove the dependency array  react-hooks/exhaustive-deps

webpack compiled with 1 warning
Compiling...
Compiled with warnings.

[eslint] 
src/components/TranscriptionWarnings.js
  Line 21:6:  React Hook useEffect has a missing dependency: 'fetchAudioInfo'. Either include it or remove the dependency array  react-hooks/exhaustive-deps

Search for the keywords to learn more about each warning.
To ignore, add // eslint-disable-next-line to the line before.

WARNING in [eslint] 
src/components/TranscriptionWarnings.js
  Line 21:6:  React Hook useEffect has a missing dependency: 'fetchAudioInfo'. Either include it or remove the dependency array  react-hooks/exhaustive-deps

webpack compiled with 1 warning
Compiling...
Compiled with warnings.

[eslint] 
src/components/TranscriptionWarnings.js
  Line 21:6:  React Hook useEffect has a missing dependency: 'fetchAudioInfo'. Either include it or remove the dependency array  react-hooks/exhaustive-deps

Search for the keywords to learn more about each warning.
To ignore, add // eslint-disable-next-line to the line before.

WARNING in [eslint] 
src/components/TranscriptionWarnings.js
  Line 21:6:  React Hook useEffect has a missing dependency: 'fetchAudioInfo'. Either include it or remove the dependency array  react-hooks/exhaustive-deps

webpack compiled with 1 warning
Compiling...
Compiled with warnings.

[eslint] 
src/components/TranscriptionWarnings.js
  Line 21:6:  React Hook useEffect has a missing dependency: 'fetchAudioInfo'. Either include it or remove the dependency array  react-hooks/exhaustive-deps

Search for the keywords to learn more about each warning.
To ignore, add // eslint-disable-next-line to the line before.

WARNING in [eslint] 
src/components/TranscriptionWarnings.js
  Line 21:6:  React Hook useEffect has a missing dependency: 'fetchAudioInfo'. Either include it or remove the dependency array  react-hooks/exhaustive-deps

webpack compiled with 1 warning
